#
# There is insufficient memory for the Java Runtime Environment to continue.
# Native memory allocation (mmap) failed to map 268435456 bytes for G1 virtual space
# Possible reasons:
#   The system is out of physical RAM or swap space
#   The process is running with CompressedOops enabled, and the Java Heap may be blocking the growth of the native heap
# Possible solutions:
#   Reduce memory load on the system
#   Increase physical memory or swap space
#   Check if swap backing store is full
#   Decrease Java heap size (-Xmx/-Xms)
#   Decrease number of Java threads
#   Decrease Java thread stack sizes (-Xss)
#   Set larger code cache with -XX:ReservedCodeCacheSize=
#   JVM is running with Zero Based Compressed Oops mode in which the Java heap is
#     placed in the first 32GB address space. The Java Heap base address is the
#     maximum limit for the native heap growth. Please use -XX:HeapBaseMinAddress
#     to set the Java Heap base and to place the Java Heap above 32GB virtual address.
# This output file may be truncated or incomplete.
#
#  Out of Memory Error (os_windows.cpp:3769), pid=30380, tid=26108
#
# JRE version:  (17.0.6+1) (build )
# Java VM: OpenJDK 64-Bit Server VM (17.0.6+1-b653.34, mixed mode, sharing, tiered, compressed oops, compressed class ptrs, g1 gc, windows-amd64)
# No core dump will be written. Minidumps are not enabled by default on client versions of Windows
#

---------------  S U M M A R Y ------------

Command Line: git4idea.http.GitAskPassApp Username for 'https://github.com': 

Host: Intel(R) Core(TM) i7-8550U CPU @ 1.80GHz, 8 cores, 15G,  Windows 10 , 64 bit Build 19041 (10.0.19041.2546)
Time: Sun Mar 12 20:40:27 2023 Romance Standard Time elapsed time: 0.018535 seconds (0d 0h 0m 0s)

---------------  T H R E A D  ---------------

Current thread (0x0000020679f92e20):  JavaThread "Unknown thread" [_thread_in_vm, id=26108, stack(0x000000f722600000,0x000000f722700000)]

Stack: [0x000000f722600000,0x000000f722700000]
Native frames: (J=compiled Java code, j=interpreted, Vv=VM code, C=native code)
V  [jvm.dll+0x683b4a]
V  [jvm.dll+0x842654]
V  [jvm.dll+0x843dfe]
V  [jvm.dll+0x844463]
V  [jvm.dll+0x249b75]
V  [jvm.dll+0x680a19]
V  [jvm.dll+0x674f0a]
V  [jvm.dll+0x309acb]
V  [jvm.dll+0x310f86]
V  [jvm.dll+0x3608ee]
V  [jvm.dll+0x360b1f]
V  [jvm.dll+0x2dfbf8]
V  [jvm.dll+0x2e0b64]
V  [jvm.dll+0x813f41]
V  [jvm.dll+0x36e6a1]
V  [jvm.dll+0x7f347c]
V  [jvm.dll+0x3f0e8f]
V  [jvm.dll+0x3f29d1]
C  [jli.dll+0x526b]
C  [ucrtbase.dll+0x21bb2]
C  [KERNEL32.DLL+0x17614]
C  [ntdll.dll+0x526a1]


---------------  P R O C E S S  ---------------

Threads class SMR info:
_java_thread_list=0x00007ffa96bac058, length=0, elements={
}

Java Threads: ( => current thread )

Other Threads:
  0x0000020679ffb7a0 GCTaskThread "GC Thread#0" [stack: 0x000000f722700000,0x000000f722800000] [id=27124]
  0x000002067a00c520 ConcurrentGCThread "G1 Main Marker" [stack: 0x000000f722800000,0x000000f722900000] [id=7528]
  0x000002067a00cf30 ConcurrentGCThread "G1 Conc#0" [stack: 0x000000f722900000,0x000000f722a00000] [id=16504]

[error occurred during error reporting (printing all threads), id 0xc0000005, EXCEPTION_ACCESS_VIOLATION (0xc0000005) at pc=0x00007ffa96360797]

VM state: not at safepoint (not fully initialized)

VM Mutex/Monitor currently owned by a thread:  ([mutex/lock_event])
[0x0000020679f8eb30] Heap_lock - owner thread: 0x0000020679f92e20

Heap address: 0x0000000701c00000, size: 4068 MB, Compressed Oops mode: Zero based, Oop shift amount: 3

CDS archive(s) mapped at: [0x0000000000000000-0x0000000000000000-0x0000000000000000), size 0, SharedBaseAddress: 0x0000000800000000, ArchiveRelocationMode: 0.
Narrow klass base: 0x0000000000000000, Narrow klass shift: 0, Narrow klass range: 0x0

GC Precious Log:
<Empty>

Heap:
 garbage-first heap   total 0K, used 0K [0x0000000701c00000, 0x0000000800000000)
  region size 2048K, 0 young (0K), 0 survivors (0K)

[error occurred during error reporting (printing heap information), id 0xc0000005, EXCEPTION_ACCESS_VIOLATION (0xc0000005) at pc=0x00007ffa9674d939]

GC Heap History (0 events):
No events

Dll operation events (1 events):
Event: 0.010 Loaded shared library C:\Program Files\JetBrains\WebStorm 2021.2.2\jbr\bin\java.dll

Deoptimization events (0 events):
No events

Classes unloaded (0 events):
No events

Classes redefined (0 events):
No events

Internal exceptions (0 events):
No events

VM Operations (0 events):
No events

Events (0 events):
No events


Dynamic libraries:
0x00007ff763b80000 - 0x00007ff763b8a000 	C:\Program Files\JetBrains\WebStorm 2021.2.2\jbr\bin\java.exe
0x00007ffb09b10000 - 0x00007ffb09d08000 	C:\WINDOWS\SYSTEM32\ntdll.dll
0x00007ffb08330000 - 0x00007ffb083ef000 	C:\WINDOWS\System32\KERNEL32.DLL
0x00007ffb07770000 - 0x00007ffb07a42000 	C:\WINDOWS\System32\KERNELBASE.dll
0x00007ffb043c0000 - 0x00007ffb04450000 	C:\WINDOWS\SYSTEM32\apphelp.dll
0x00007ffb07a50000 - 0x00007ffb07b50000 	C:\WINDOWS\System32\ucrtbase.dll
0x00007ffaf12e0000 - 0x00007ffaf12f7000 	C:\Program Files\JetBrains\WebStorm 2021.2.2\jbr\bin\jli.dll
0x00007ffb07b60000 - 0x00007ffb07d01000 	C:\WINDOWS\System32\USER32.dll
0x00007ffb074e0000 - 0x00007ffb07502000 	C:\WINDOWS\System32\win32u.dll
0x00007ffaf3fc0000 - 0x00007ffaf425a000 	C:\WINDOWS\WinSxS\amd64_microsoft.windows.common-controls_6595b64144ccf1df_6.0.19041.1110_none_60b5254171f9507e\COMCTL32.dll
0x00007ffb09aa0000 - 0x00007ffb09acb000 	C:\WINDOWS\System32\GDI32.dll
0x00007ffb081e0000 - 0x00007ffb0827e000 	C:\WINDOWS\System32\msvcrt.dll
0x00007ffb075c0000 - 0x00007ffb076cf000 	C:\WINDOWS\System32\gdi32full.dll
0x00007ffb02a90000 - 0x00007ffb02aab000 	C:\Program Files\JetBrains\WebStorm 2021.2.2\jbr\bin\VCRUNTIME140.dll
0x00007ffb076d0000 - 0x00007ffb0776d000 	C:\WINDOWS\System32\msvcp_win.dll
0x00007ffb07e40000 - 0x00007ffb07e72000 	C:\WINDOWS\System32\IMM32.DLL
0x00007ffb003b0000 - 0x00007ffb003bc000 	C:\Program Files\JetBrains\WebStorm 2021.2.2\jbr\bin\vcruntime140_1.dll
0x00007ffab7e40000 - 0x00007ffab7ecd000 	C:\Program Files\JetBrains\WebStorm 2021.2.2\jbr\bin\msvcp140.dll
0x00007ffa96070000 - 0x00007ffa96cdd000 	C:\Program Files\JetBrains\WebStorm 2021.2.2\jbr\bin\server\jvm.dll
0x00007ffb08280000 - 0x00007ffb0832e000 	C:\WINDOWS\System32\ADVAPI32.dll
0x00007ffb083f0000 - 0x00007ffb0848c000 	C:\WINDOWS\System32\sechost.dll
0x00007ffb098e0000 - 0x00007ffb09a05000 	C:\WINDOWS\System32\RPCRT4.dll
0x00007ffaf3940000 - 0x00007ffaf3949000 	C:\WINDOWS\SYSTEM32\WSOCK32.dll
0x00007ffaefd40000 - 0x00007ffaefd67000 	C:\WINDOWS\SYSTEM32\WINMM.dll
0x00007ffb00750000 - 0x00007ffb0075a000 	C:\WINDOWS\SYSTEM32\VERSION.dll
0x00007ffb09350000 - 0x00007ffb093bb000 	C:\WINDOWS\System32\WS2_32.dll
0x00007ffb05a60000 - 0x00007ffb05a72000 	C:\WINDOWS\SYSTEM32\kernel.appcore.dll
0x00007ffb00570000 - 0x00007ffb0057a000 	C:\Program Files\JetBrains\WebStorm 2021.2.2\jbr\bin\jimage.dll
0x00007ffb04f70000 - 0x00007ffb05154000 	C:\WINDOWS\SYSTEM32\DBGHELP.DLL
0x00007ffae49f0000 - 0x00007ffae4a25000 	C:\WINDOWS\SYSTEM32\dbgcore.DLL
0x00007ffb07400000 - 0x00007ffb07482000 	C:\WINDOWS\System32\bcryptPrimitives.dll
0x00007ffae0fe0000 - 0x00007ffae1005000 	C:\Program Files\JetBrains\WebStorm 2021.2.2\jbr\bin\java.dll

dbghelp: loaded successfully - version: 4.0.5 - missing functions: none
symbol engine: initialized successfully - sym options: 0x614 - pdb path: .;C:\Program Files\JetBrains\WebStorm 2021.2.2\jbr\bin;C:\WINDOWS\SYSTEM32;C:\WINDOWS\WinSxS\amd64_microsoft.windows.common-controls_6595b64144ccf1df_6.0.19041.1110_none_60b5254171f9507e;C:\Program Files\JetBrains\WebStorm 2021.2.2\jbr\bin\server

VM Arguments:
java_command: git4idea.http.GitAskPassApp Username for 'https://github.com': 
java_class_path (initial): C:/Program Files/JetBrains/WebStorm 2021.2.2/plugins/vcs-git/lib/git4idea-rt.jar;C:/Program Files/JetBrains/WebStorm 2021.2.2/lib/externalProcess-rt.jar;C:/Program Files/JetBrains/WebStorm 2021.2.2/lib/app.jar;C:/Program Files/JetBrains/WebStorm 2021.2.2/lib/3rd-party-rt.jar
Launcher Type: SUN_STANDARD

[Global flags]
     intx CICompilerCount                          = 4                                         {product} {ergonomic}
     uint ConcGCThreads                            = 2                                         {product} {ergonomic}
     uint G1ConcRefinementThreads                  = 8                                         {product} {ergonomic}
   size_t G1HeapRegionSize                         = 2097152                                   {product} {ergonomic}
    uintx GCDrainStackTargetSize                   = 64                                        {product} {ergonomic}
   size_t InitialHeapSize                          = 268435456                                 {product} {ergonomic}
   size_t MarkStackSize                            = 4194304                                   {product} {ergonomic}
   size_t MaxHeapSize                              = 4265607168                                {product} {ergonomic}
   size_t MinHeapDeltaBytes                        = 2097152                                   {product} {ergonomic}
   size_t MinHeapSize                              = 8388608                                   {product} {ergonomic}
    uintx NonNMethodCodeHeapSize                   = 5839372                                {pd product} {ergonomic}
    uintx NonProfiledCodeHeapSize                  = 122909434                              {pd product} {ergonomic}
    uintx ProfiledCodeHeapSize                     = 122909434                              {pd product} {ergonomic}
    uintx ReservedCodeCacheSize                    = 251658240                              {pd product} {ergonomic}
     bool SegmentedCodeCache                       = true                                      {product} {ergonomic}
   size_t SoftMaxHeapSize                          = 4265607168                             {manageable} {ergonomic}
     bool UseCompressedClassPointers               = true                           {product lp64_product} {ergonomic}
     bool UseCompressedOops                        = true                           {product lp64_product} {ergonomic}
     bool UseG1GC                                  = true                                      {product} {ergonomic}
     bool UseLargePagesIndividualAllocation        = false                                  {pd product} {ergonomic}

Logging:
Log output configuration:
 #0: stdout all=warning uptime,level,tags
 #1: stderr all=off uptime,level,tags

Environment Variables:
JAVA_HOME=C:\Users\Jose\.jdks\corretto-15.0.2
CLASSPATH=C:\Users\Jose\.jdks\corretto-1.8.0_292\lib\*jar
PATH=C:\Program Files\Git\mingw64\libexec\git-core;C:\Program Files\Git\mingw64\libexec\git-core;C:\Program Files\Git\mingw64\bin;C:\Program Files\Git\usr\bin;C:\Users\Jose\bin;C:\Users\Jose\AppData\Local\Programs\Python\Python310\Scripts;C:\Users\Jose\AppData\Local\Programs\Python\Python310;C:\Program Files\Eclipse Foundation\jdk-11.0.12.7-hotspot\bin;C:\Python 3\Scripts;C:\Python 3;C:\Program Files (x86)\Common Files\Intel\Shared Libraries\redist\intel64_win\compiler;C:\Program Files (x86)\Common Files\Intel\Shared Libraries\redist\intel64\compiler;C:\Windows\system32;C:\Windows;C:\Windows\System32\Wbem;C:\Windows\System32\WindowsPowerShell\v1.0;C:\Windows\System32\OpenSSH;C:\Program Files\Intel\WiFi\bin;C:\Program Files\Common Files\Intel\WirelessCommon;C:\Program Files\NVIDIA Corporation\NVIDIA NvDLISR;C:\Program Files (x86)\NVIDIA Corporation\PhysX\Common;C:\Program Files (x86)\QuickTime\QTSystem;C:\Program Files\PuTTY;C:\WINDOWS\system32;C:\WINDOWS;C:\WINDOWS\System32\Wbem;C:\WINDOWS\System32\WindowsPowerShell\v1.0;C:\WINDOWS\System32\OpenSSH;C:\Users\Jose\.jdks\corretto-1.8.0_292\bin;C:\Program Files\Microsoft SQL Server\Client SDK\ODBC\170\Tools\Binn;C:\Program Files (x86)\Microsoft SQL Server\150\Tools\Binn;C:\Program Files\Microsoft SQL Server\150\Tools\Binn;C:\Program Files\Microsoft SQL Server\150\DTS\Binn;C:\Program Files\Azure Data Studio\bin;C:\ProgramData\chocolatey\bin;C:\Program Files\Git\cmd;C:\Program Files\Git\usr\bin;C:\Users\Jose\.jdks\corretto-15.0.2\bin;C:\tomcat\apache-tomcat-9.0.52\bin;C:\maven\apache-maven-3.8.2\bin;C:\Program Files\Docker\Docker\resources\bin;C:\ProgramData\DockerDesktop\version-bin;C:\Program Files (x86)\Calibre2;C:\Program Files\nodejs;C:\Program Files\dotnet;C:\Users\Jose\AppData\Local\Microsoft\WindowsApps;C:\Users\Jose\AppData\Local\Programs\Microsoft VS Code\bin;C:\Program Files\JetBrains\PyCharm Community Edition 2020.3.5\bin;C:\Program Files\JetBrains\IntelliJ IDEA Community Edition 2021.1.1\bin;C:\Program Files\ffm
USERNAME=Jose
DISPLAY=:0.0
LC_ALL=en_US.UTF-8
TERM=cygwin
TMPDIR=C:\Users\Jose\AppData\Local\Temp
OS=Windows_NT
PROCESSOR_IDENTIFIER=Intel64 Family 6 Model 142 Stepping 10, GenuineIntel
TMP=C:\Users\Jose\AppData\Local\Temp
TEMP=C:\Users\Jose\AppData\Local\Temp



---------------  S Y S T E M  ---------------

OS:
 Windows 10 , 64 bit Build 19041 (10.0.19041.2546)
OS uptime: 24 days 0:39 hours
Hyper-V role detected

CPU: total 8 (initial active 8) (4 cores per cpu, 2 threads per core) family 6 model 142 stepping 10 microcode 0xb4, cx8, cmov, fxsr, ht, mmx, 3dnowpref, sse, sse2, sse3, ssse3, sse4.1, sse4.2, popcnt, lzcnt, tsc, tscinvbit, avx, avx2, aes, erms, clmul, bmi1, bmi2, adx, fma, vzeroupper, clflush, clflushopt, hv

Memory: 4k page, system-wide physical 16266M (2502M free)
TotalPageFile size 26266M (AvailPageFile size 152M)
current process WorkingSet (physical memory assigned to process): 11M, peak: 11M
current process commit charge ("private bytes"): 60M, peak: 316M

vm_info: OpenJDK 64-Bit Server VM (17.0.6+1-b653.34) for windows-amd64 JRE (17.0.6+1-b653.34), built on 2023-02-24 by "builduser" with MS VC++ 16.10 / 16.11 (VS2019)

END.
